2015/04/17 16:56:57 INFO  - jmeter.util.JMeterUtils: Setting Locale to en_US 
2015/04/17 16:56:57 INFO  - jmeter.JMeter: Loading user properties from: /Users/simonambridge/Documents/Software_Resources/apache-jmeter-2.13.1/bin/user.properties 
2015/04/17 16:56:57 INFO  - jmeter.JMeter: Loading system properties from: /Users/simonambridge/Documents/Software_Resources/apache-jmeter-2.13.1/bin/system.properties 
2015/04/17 16:56:57 INFO  - jmeter.JMeter: Copyright (c) 1998-2015 The Apache Software Foundation 
2015/04/17 16:56:57 INFO  - jmeter.JMeter: Version 2.13.1 r1 
2015/04/17 16:56:57 INFO  - jmeter.JMeter: java.version=1.8.0_40 
2015/04/17 16:56:57 INFO  - jmeter.JMeter: java.vm.name=Java HotSpot(TM) 64-Bit Server VM 
2015/04/17 16:56:57 INFO  - jmeter.JMeter: os.name=Mac OS X 
2015/04/17 16:56:57 INFO  - jmeter.JMeter: os.arch=x86_64 
2015/04/17 16:56:57 INFO  - jmeter.JMeter: os.version=10.10.2 
2015/04/17 16:56:57 INFO  - jmeter.JMeter: file.encoding=UTF-8 
2015/04/17 16:56:57 INFO  - jmeter.JMeter: Default Locale=English (United States) 
2015/04/17 16:56:57 INFO  - jmeter.JMeter: JMeter  Locale=English (United States) 
2015/04/17 16:56:57 INFO  - jmeter.JMeter: JMeterHome=/Users/simonambridge/Documents/Software_Resources/apache-jmeter-2.13.1 
2015/04/17 16:56:57 INFO  - jmeter.JMeter: user.dir  =/Users/simonambridge/Documents/Software_Resources/apache-jmeter-2.13.1/bin 
2015/04/17 16:56:57 INFO  - jmeter.JMeter: PWD       =/Users/simonambridge/Documents/Software_Resources/apache-jmeter-2.13.1/bin 
2015/04/17 16:56:57 INFO  - jmeter.JMeter: IP: 172.20.29.29 Name: Simons-MacBook-Pro.local FullName: 172.20.29.29 
2015/04/17 16:56:58 INFO  - jmeter.gui.action.LookAndFeelCommand: Using look and feel: com.apple.laf.AquaLookAndFeel [Mac OS X, System] 
2015/04/17 16:56:58 INFO  - jmeter.JMeter: Loaded icon properties from org/apache/jmeter/images/icon.properties 
2015/04/17 16:57:00 INFO  - jmeter.engine.util.CompoundVariable: Note: Function class names must contain the string: '.functions.' 
2015/04/17 16:57:00 INFO  - jmeter.engine.util.CompoundVariable: Note: Function class names must not contain the string: '.gui.' 
2015/04/17 16:57:01 INFO  - jmeter.util.BSFTestElement: Registering JMeter version of JavaScript engine as work-round for BSF-22 
2015/04/17 16:57:01 INFO  - jmeter.protocol.http.sampler.HTTPSamplerBase: Cannot find .className property for htmlParser, using default 
2015/04/17 16:57:01 INFO  - jmeter.protocol.http.sampler.HTTPSamplerBase: Parser for text/html is  
2015/04/17 16:57:01 INFO  - jmeter.protocol.http.sampler.HTTPSamplerBase: Parser for application/xhtml+xml is  
2015/04/17 16:57:01 INFO  - jmeter.protocol.http.sampler.HTTPSamplerBase: Parser for application/xml is  
2015/04/17 16:57:01 INFO  - jmeter.protocol.http.sampler.HTTPSamplerBase: Parser for text/xml is  
2015/04/17 16:57:01 INFO  - jmeter.protocol.http.sampler.HTTPSamplerBase: Parser for text/vnd.wap.wml is org.apache.jmeter.protocol.http.parser.RegexpHTMLParser 
2015/04/17 16:57:01 INFO  - jmeter.gui.util.MenuFactory: Skipping org.apache.jmeter.protocol.http.control.gui.WebServiceSamplerGui 
2015/04/17 16:57:01 INFO  - jmeter.gui.util.MenuFactory: Skipping org.apache.jmeter.protocol.http.modifier.gui.ParamModifierGui 
2015/04/17 16:57:01 INFO  - jorphan.exec.KeyToolUtils: keytool found at 'keytool' 
2015/04/17 16:57:01 INFO  - jmeter.protocol.http.proxy.ProxyControl: HTTP(S) Test Script Recorder SSL Proxy will use keys that support embedded 3rd party resources in file /Users/simonambridge/Documents/Software_Resources/apache-jmeter-2.13.1/bin/proxyserver.jks 
2015/04/17 16:57:02 INFO  - jmeter.samplers.SampleResult: Note: Sample TimeStamps are START times 
2015/04/17 16:57:02 INFO  - jmeter.samplers.SampleResult: sampleresult.default.encoding is set to ISO-8859-1 
2015/04/17 16:57:02 INFO  - jmeter.samplers.SampleResult: sampleresult.useNanoTime=true 
2015/04/17 16:57:02 INFO  - jmeter.samplers.SampleResult: sampleresult.nanoThreadSleep=5000 
2015/04/17 16:59:17 INFO  - jmeter.services.FileServer: Default base='/Users/simonambridge/Documents/Software_Resources/apache-jmeter-2.13.1/bin' 
2015/04/17 16:59:17 INFO  - jmeter.gui.action.Load: Loading file: /Users/simonambridge/Documents/Datastax/Repository/Training/Cornerstone/bestburgers.jmx 
2015/04/17 16:59:17 INFO  - jmeter.services.FileServer: Set new base='/Users/simonambridge/Documents/Datastax/Repository/Training/Cornerstone' 
2015/04/17 16:59:17 INFO  - jmeter.save.SaveService: Testplan (JMX) version: 2.2. Testlog (JTL) version: 2.2 
2015/04/17 16:59:17 INFO  - jmeter.save.SaveService: Using SaveService properties file encoding UTF-8 
2015/04/17 16:59:17 INFO  - jmeter.save.SaveService: Using SaveService properties version 2.8 
2015/04/17 16:59:17 INFO  - jmeter.save.SaveService: Using SaveService properties file version 1656252 
2015/04/17 16:59:17 INFO  - jmeter.save.SaveService: All converter versions present and correct 
2015/04/17 16:59:17 INFO  - jmeter.save.SaveService: Loading file: /Users/simonambridge/Documents/Datastax/Repository/Training/Cornerstone/bestburgers.jmx 
2015/04/17 16:59:17 INFO  - jmeter.services.FileServer: Set new base='/Users/simonambridge/Documents/Datastax/Repository/Training/Cornerstone' 
2015/04/17 17:01:55 INFO  - jmeter.gui.action.template.TemplateManager: Reading templates from:/Users/simonambridge/Documents/Software_Resources/apache-jmeter-2.13.1/bin/templates/templates.xml 
